{
  "RSpec": {
    "coverage": {
      "/Users/lauramaddaluno/Desktop/bookmark_manager_4/spec/bookmarks_spec.rb": {
        "lines": [
          1,
          null,
          1,
          null,
          1,
          1,
          null,
          null,
          null,
          1,
          1,
          1,
          null,
          1,
          null,
          1,
          1,
          1,
          1,
          1,
          null,
          null,
          null,
          1,
          1,
          1,
          1,
          1,
          null,
          null,
          1,
          1,
          1,
          1,
          1,
          null,
          null,
          null,
          null,
          null,
          null
        ]
      },
      "/Users/lauramaddaluno/Desktop/bookmark_manager_4/spec/features/add_new_bookmark_spec.rb": {
        "lines": [
          1,
          1,
          1,
          1,
          1,
          1,
          1,
          null,
          null
        ]
      },
      "/Users/lauramaddaluno/Desktop/bookmark_manager_4/spec/features/bookmarks_spec.rb": {
        "lines": [
          1,
          1,
          1,
          null,
          1,
          1,
          1,
          1,
          1,
          1,
          1,
          null,
          null,
          null
        ]
      },
      "/Users/lauramaddaluno/Desktop/bookmark_manager_4/spec/features/deleting_a_bookmark_spec.rb": {
        "lines": [
          null,
          1,
          null,
          1,
          1,
          null,
          1,
          1,
          null,
          1,
          1,
          1,
          null,
          null,
          null
        ]
      },
      "/Users/lauramaddaluno/Desktop/bookmark_manager_4/spec/features/index_spec.rb": {
        "lines": [
          null,
          null,
          1,
          1,
          1,
          1,
          null,
          null
        ]
      }
    },
    "timestamp": 1632130177
  }
}
